2023-03-28 22:45:23,946 INFO:Starting email scraping
2023-03-28 22:46:40,861 INFO:Starting email scraping
2023-03-28 22:47:05,456 INFO:Starting email scraping
2023-03-28 22:47:13,325 ERROR:An error occurred while retrieving website for Boron Community Services District: No connection adapters were found for '/url?q=https://boroncsd.com/&sa=U&ved=2ahUKEwjDqqnwj4D-AhUmQzABHTRrAi0QgU96BAgKEAQ&usg=AOvVaw2OyPwMDnFARi7movXaHalb'
2023-03-28 22:47:13,326 ERROR:An error occurred while retrieving website for Boron Community Services District: No connection adapters were found for '/url?q=https://boroncsd.com/&sa=U&ved=2ahUKEwjDqqnwj4D-AhUmQzABHTRrAi0QFnoECAkQAg&usg=AOvVaw2QjrbB6J6CQNGta_hMePw4'
2023-03-28 22:47:13,327 ERROR:An error occurred while retrieving website for Boron Community Services District: No connection adapters were found for '/url?q=https://boroncsd.com/contact-us&sa=U&ved=2ahUKEwjDqqnwj4D-AhUmQzABHTRrAi0QFnoECAgQAg&usg=AOvVaw2NizndXmXB0O5CzA6JQj4h'
2023-03-28 22:47:13,328 ERROR:An error occurred while retrieving website for Boron Community Services District: No connection adapters were found for '/url?q=https://www.acwa.com/members/boron-community-services-district/&sa=U&ved=2ahUKEwjDqqnwj4D-AhUmQzABHTRrAi0QFnoECAYQAg&usg=AOvVaw3palUi4I5pqP2Z6MnR52QP'
2023-03-28 22:47:13,329 ERROR:An error occurred while retrieving website for Boron Community Services District: No connection adapters were found for '/url?q=https://mapcarta.com/N4364327433&sa=U&ved=2ahUKEwjDqqnwj4D-AhUmQzABHTRrAi0QFnoECAAQAg&usg=AOvVaw3jUaoGl3n_P-UOWz4EQeMp'
2023-03-28 22:47:13,330 ERROR:An error occurred while retrieving website for Boron Community Services District: No connection adapters were found for '/url?q=https://www.ewg.org/tapwater/system.php%3Fpws%3DCA1510002&sa=U&ved=2ahUKEwjDqqnwj4D-AhUmQzABHTRrAi0QFnoECAQQAg&usg=AOvVaw0NrPPpWIz-9IRVTNBKEA-U'
2023-03-28 22:47:13,331 ERROR:An error occurred while retrieving website for Boron Community Services District: No connection adapters were found for '/url?q=https://openpayrolls.com/other/california-boron-community-services-district&sa=U&ved=2ahUKEwjDqqnwj4D-AhUmQzABHTRrAi0QFnoECAIQAg&usg=AOvVaw3LRy38BN9rjfu-zPpUkxBD'
2023-03-28 22:47:13,332 ERROR:An error occurred while retrieving website for Boron Community Services District: No connection adapters were found for '/url?q=https://sdwis.waterboards.ca.gov/PDWW/JSP/WaterSystemDetail.jsp%3Ftinwsys_is_number%3D1734%26tinwsys_st_code%3DCA%26wsnumber%3DCA1510002&sa=U&ved=2ahUKEwjDqqnwj4D-AhUmQzABHTRrAi0QFnoECAcQAg&usg=AOvVaw3ugbUgy7JIJpOzOrK40gSw'
2023-03-28 22:47:13,332 ERROR:An error occurred while retrieving website for Boron Community Services District: No connection adapters were found for '/url?q=http://www.desertnews.com/news/article_7f4a55c2-4332-11ed-aea3-5fcd71f889e3.html&sa=U&ved=2ahUKEwjDqqnwj4D-AhUmQzABHTRrAi0QFnoECAUQAg&usg=AOvVaw13ZqS_pTE4MbRices0oNEi'
2023-03-28 22:47:13,333 ERROR:An error occurred while retrieving website for Boron Community Services District: No connection adapters were found for '/url?q=https://www.kerncounty.com/&sa=U&ved=2ahUKEwjDqqnwj4D-AhUmQzABHTRrAi0QFnoECAMQAg&usg=AOvVaw2tVcgC82gIQq2Z0DXbZFEC'
2023-03-28 22:47:13,334 ERROR:An error occurred while retrieving website for Boron Community Services District: No connection adapters were found for '/url?q=https://www.epa.gov/sites/default/files/2014-09/documents/summary_document_from_the_ha_for_boron.pdf&sa=U&ved=2ahUKEwjDqqnwj4D-AhUmQzABHTRrAi0QFnoECAEQAg&usg=AOvVaw1asyM4PbC8OQZbwkv-_ghw'
2023-03-28 22:47:24,152 ERROR:An error occurred while retrieving website for Orleans Community Services District: No connection adapters were found for '/url?q=http://humboldtlafco.org/wp-content/uploads/Orleans-CSD-ADOPTED-MSR-Sept-2008.pdf&sa=U&ved=2ahUKEwit-YD1j4D-AhXJfDABHfDvAH4QFnoECAgQAg&usg=AOvVaw0sI5XMfySMkbAtZsdsGeNs'
2023-03-28 22:47:24,154 ERROR:An error occurred while retrieving website for Orleans Community Services District: No connection adapters were found for '/url?q=https://nola.gov/boards/metropolitan-human-services-district/&sa=U&ved=2ahUKEwit-YD1j4D-AhXJfDABHfDvAH4QFnoECAkQAg&usg=AOvVaw2iTEqUq5zgegElgFF6ehdm'
2023-03-28 22:47:24,155 ERROR:An error occurred while retrieving website for Orleans Community Services District: No connection adapters were found for '/url?q=https://nola.gov/community-development/&sa=U&ved=2ahUKEwit-YD1j4D-AhXJfDABHfDvAH4QFnoECAQQAg&usg=AOvVaw1JIRquLbEWrWSq1EpXRgJ5'
2023-03-28 22:47:24,156 ERROR:An error occurred while retrieving website for Orleans Community Services District: No connection adapters were found for '/url?q=https://publicpay.ca.gov/Reports/SpecialDistricts/SpecialDistrictType.aspx%3Fyear%3D2020%26sdtype%3D5&sa=U&ved=2ahUKEwit-YD1j4D-AhXJfDABHfDvAH4QFnoECAAQAg&usg=AOvVaw1JUPAWjzd-0u1dMEn4gebf'
2023-03-28 22:47:24,156 ERROR:An error occurred while retrieving website for Orleans Community Services District: No connection adapters were found for '/url?q=https://www.linkedin.com/in/james-trask-8b072585&sa=U&ved=2ahUKEwit-YD1j4D-AhXJfDABHfDvAH4QFnoECAMQAg&usg=AOvVaw3Hmjwc4pw9A0syklNjMyF0'
2023-03-28 22:47:24,157 ERROR:An error occurred while retrieving website for Orleans Community Services District: No connection adapters were found for '/url?q=https://ocfs.ny.gov/directories/localdss.php&sa=U&ved=2ahUKEwit-YD1j4D-AhXJfDABHfDvAH4QFnoECAYQAg&usg=AOvVaw0bb5Og5AXFHf_Ga0pjPgMu'
2023-03-28 22:47:24,158 ERROR:An error occurred while retrieving website for Orleans Community Services District: No connection adapters were found for '/url?q=http://www.sbcounty.gov/lafco/items/201004/item_9c.pdf&sa=U&ved=2ahUKEwit-YD1j4D-AhXJfDABHfDvAH4QFnoECAIQAg&usg=AOvVaw0FJ1v7p3SOtOIpTAP_E_Zw'
2023-03-28 22:47:24,159 ERROR:An error occurred while retrieving website for Orleans Community Services District: No connection adapters were found for '/url?q=https://www.town.orleans.ma.us/&sa=U&ved=2ahUKEwit-YD1j4D-AhXJfDABHfDvAH4QFnoECAcQAg&usg=AOvVaw0kyIQksG1I2yOgZHoO-LyF'
2023-03-28 22:47:24,159 ERROR:An error occurred while retrieving website for Orleans Community Services District: No connection adapters were found for '/url?q=https://www.va.gov/communitycare/&sa=U&ved=2ahUKEwit-YD1j4D-AhXJfDABHfDvAH4QFnoECAEQAg&usg=AOvVaw0NK-JjscL6BwdIGSIbQIlS'
2023-03-28 22:47:24,160 ERROR:An error occurred while retrieving website for Orleans Community Services District: No connection adapters were found for '/url?q=https://northcoastpeoplesalliance.org/wp-content/uploads/2019/02/elected-positions-1-22-19.pdf&sa=U&ved=2ahUKEwit-YD1j4D-AhXJfDABHfDvAH4QFnoECAUQAg&usg=AOvVaw0XsR7dSJpxqrQPLcfk-69F'
